<?xml version="1.0" encoding="UTF-8"?>
<!-- Generated by org.testng.reporters.JUnitReportReporter -->
<testsuite skipped="0" hostname="EVT02099NB" name="guru.springframework.cucumber.guruTest" tests="1" failures="0" timestamp="11 Kas 2021 09:18:28 GMT" time="8.424" errors="0">
  <testcase name="runScenario" time="8.424" classname="guru.springframework.cucumber.guruTest"/>
</testsuite> <!-- guru.springframework.cucumber.guruTest -->
